## SLURM PROLOG ###############################################################
##    Job ID : 5417498
##  Job Name : DELGI_Array
##  Nodelist : node1112
##      CPUs : 2
##  Mem/Node : 16384 MB
## Directory : /gpfs/data/larschan/pmahable/time2splice/scripts
##   Job Started : Mon Jun 27 16:43:01 EDT 2022
###############################################################################
module: loading 'fastqc/0.11.5'
module: loading 'trimgalore/0.5.0'
module: trimgalore: "To use module load fastqc cutadapt"
module: loading 'cutadapt/1.14'
module: loading 'bowtie2/2.4.2'
module: bowtie2: To use: module load python/3.7.4
module: unloading 'python/3.6.6'
module: loading 'python/3.7.4'
./preprocess/2_run_fastQC.sh 4 /users/pmahable/data/pmahable/DGI1/time2splice/data/fastq/ /users/pmahable/data/pmahable/DGI1/time2splice/results2/preprocess/fastqc/
/users/pmahable/data/pmahable/DGI1/time2splice/data/fastq//file.txt
parallel -j 4
fastqc {1}

--outdir=/users/pmahable/data/pmahable/DGI1/time2splice/results2/preprocess/fastqc/ :::
/users/pmahable/data/pmahable/DGI1/time2splice/data/fastq/DelGIM3/DelGIM3_R2.fq.gz
/users/pmahable/data/pmahable/DGI1/time2splice/data/fastq/conM3/conM3_R1.fq.gz
/users/pmahable/data/pmahable/DGI1/time2splice/data/fastq/conM3/conM3_R2.fq.gz
/users/pmahable/data/pmahable/DGI1/time2splice/data/fastq/conF4/conF4_R1.fq.gz
/users/pmahable/data/pmahable/DGI1/time2splice/data/fastq/conF4/conF4_R2.fq.gz
/users/pmahable/data/pmahable/DGI1/time2splice/data/fastq/DelGIM4/DelGIM4_R1.fq.gz
/users/pmahable/data/pmahable/DGI1/time2splice/data/fastq/DelGIM4/DelGIM4_R2.fq.gz
/users/pmahable/data/pmahable/DGI1/time2splice/data/fastq/DelGIF1/DelGIF1_R2.fq.gz
/users/pmahable/data/pmahable/DGI1/time2splice/data/fastq/DelGIF1/DelGIF1_R1.fq.gz
/users/pmahable/data/pmahable/DGI1/time2splice/data/fastq/conM2/conM2_R1.fq.gz
/users/pmahable/data/pmahable/DGI1/time2splice/data/fastq/conM2/conM2_R2.fq.gz
/users/pmahable/data/pmahable/DGI1/time2splice/data/fastq/DelGIF2/DelGIF2_R2.fq.gz
/users/pmahable/data/pmahable/DGI1/time2splice/data/fastq/DelGIF2/DelGIF2_R1.fq.gz
/users/pmahable/data/pmahable/DGI1/time2splice/data/fastq/conF3/conF3_R2.fq.gz
/users/pmahable/data/pmahable/DGI1/time2splice/data/fastq/conF3/conF3_R1.fq.gz
/users/pmahable/data/pmahable/DGI1/time2splice/data/fastq/conF1/conF1_R2.fq.gz
/users/pmahable/data/pmahable/DGI1/time2splice/data/fastq/conF1/conF1_R1.fq.gz
/users/pmahable/data/pmahable/DGI1/time2splice/data/fastq/conF2/conF2_R1.fq.gz
/users/pmahable/data/pmahable/DGI1/time2splice/data/fastq/conF2/conF2_R2.fq.gz
/users/pmahable/data/pmahable/DGI1/time2splice/data/fastq/DelGIM1/DelGIM1_R1.fq.gz
/users/pmahable/data/pmahable/DGI1/time2splice/data/fastq/DelGIM1/DelGIM1_R2.fq.gz
/users/pmahable/data/pmahable/DGI1/time2splice/data/fastq/DelGIM2/DelGIM2_R1.fq.gz
/users/pmahable/data/pmahable/DGI1/time2splice/data/fastq/DelGIM2/DelGIM2_R2.fq.gz
/users/pmahable/data/pmahable/DGI1/time2splice/data/fastq/DelGIF3/DelGIF3_R2.fq.gz
/users/pmahable/data/pmahable/DGI1/time2splice/data/fastq/DelGIF3/DelGIF3_R1.fq.gz
/users/pmahable/data/pmahable/DGI1/time2splice/data/fastq/DelGIF4/DelGIF4_R1.fq.gz
/users/pmahable/data/pmahable/DGI1/time2splice/data/fastq/DelGIF4/DelGIF4_R2.fq.gz
/users/pmahable/data/pmahable/DGI1/time2splice/data/fastq/conM4/conM4_R1.fq.gz
/users/pmahable/data/pmahable/DGI1/time2splice/data/fastq/conM4/conM4_R2.fq.gz
/users/pmahable/data/pmahable/DGI1/time2splice/data/fastq/conM1/conM1_R1.fq.gz
./preprocess/2_run_fastQC.sh: line 34: $: command not found
slurmstepd: error: *** JOB 5417498 ON node1112 CANCELLED AT 2022-06-27T16:43:59 ***
