## SLURM PROLOG ###############################################################
##    Job ID : 5437587
##  Job Name : Preprocess_ArrayJobs
##  Nodelist : node1315
##      CPUs : 8
##  Mem/Node : 16384 MB
## Directory : /gpfs/data/larschan/pmahable/time2splice/scripts
##   Job Started : Wed Jun 29 00:28:46 EDT 2022
###############################################################################
module: loading 'fastqc/0.11.5'
module: loading 'trimgalore/0.5.0'
module: trimgalore: "To use module load fastqc cutadapt"
module: loading 'cutadapt/1.14'
module: loading 'bowtie2/2.4.2'
module: bowtie2: To use: module load python/3.7.4
module: unloading 'python/3.6.6'
module: loading 'python/3.7.4'
module: loading 'samtools/1.13'
module: samtools: To use: module load gcc/8.3
module: loading 'gcc/8.3'
module: gcc: "Note: loading the gcc module overrides the gcc version on the system.  If you want to revert to the version of gcc provided by the OS, unload the gcc module."
dmel_all_chromsome found in reference folder. Continuing...
declare -a ALLDATA='([0]="" [1]="conF4" [2]="conF3" [3]="conF1" [4]="conF2")'
These are the samples being checked. The first one is meant to be null/empty. Please check.
Preparations All Made. Starting FastQC...
Completed FastQC. Starting Trim_Galore...
Completed Trim_Galore. Starting BowTie2...
/users/pmahable/data/pmahable/DGI1/time2splice/results2/preprocess/alignment/conF3 already exists.
/users/pmahable/data/pmahable/DGI1/time2splice/results2/preprocess/trim_galore_fastqc/conF3/*val*.f*q.gz
Number of input files:  2
REPLACING /users/pmahable/data/pmahable/DGI1/time2splice/results2/preprocess/alignment/conF3/run_Bowtie2.txt

Processing .fastq files with Bowtie2 on 1 processors.
Checking for input files directly in Input Directory.
Initiating paired-end RNA-seq data processing.
Getting paired .fastq for /users/pmahable/data/pmahable/DGI1/time2splice/results2/preprocess/trim_galore_fastqc/conF3/conF3_R1_val_1.fq.gz
Paired R1 with /users/pmahable/data/pmahable/DGI1/time2splice/results2/preprocess/trim_galore_fastqc/conF3/conF3_R2_val_2.fq.gz
Adding conF3_R1_val_1.fq.gz to run_Bowtie2.txt script
 
(bowtie2 -p 1 -x /users/pmahable/data/pmahable/data/reference/bowtie2_index/dmel_all_chromosome -1 /users/pmahable/data/pmahable/DGI1/time2splice/results2/preprocess/trim_galore_fastqc/conF3/conF3_R1_val_1.fq.gz -2 /users/pmahable/data/pmahable/DGI1/time2splice/results2/preprocess/trim_galore_fastqc/conF3/conF3_R2_val_2.fq.gz --un-conc-gz /users/pmahable/data/pmahable/DGI1/time2splice/results2/preprocess/alignment/conF3/out_unconc.sam.gz --al-conc-gz /users/pmahable/data/pmahable/DGI1/time2splice/results2/preprocess/alignment/conF3/out_al-conc.sam.gz --met-file /users/pmahable/data/pmahable/DGI1/time2splice/results2/preprocess/alignment/conF3/out_met-file.tsv -S /users/pmahable/data/pmahable/DGI1/time2splice/results2/preprocess/alignment/conF3/out.sam 2> /users/pmahable/data/pmahable/DGI1/time2splice/results2/preprocess/alignment/conF3/summaryfile.txt; samtools view -bS /users/pmahable/data/pmahable/DGI1/time2splice/results2/preprocess/alignment/conF3/out.sam > /users/pmahable/data/pmahable/DGI1/time2splice/results2/preprocess/alignment/conF3/out.bam; rm -rf /users/pmahable/data/pmahable/DGI1/time2splice/results2/preprocess/alignment/conF3/out.sam; samtools sort /users/pmahable/data/pmahable/DGI1/time2splice/results2/preprocess/alignment/conF3/out.bam -o /users/pmahable/data/pmahable/DGI1/time2splice/results2/preprocess/alignment/conF3/out.sorted.bam; rm -rf /users/pmahable/data/pmahable/DGI1/time2splice/results2/preprocess/alignment/conF3/out.bam) &
wait
[bam_sort_core] merging from 32 files and 1 in-memory blocks...
completed BowTie2. Finished preprocess!!
